<?xml version="1.0" encoding="UTF-8"?>
<!-- Generated by org.testng.reporters.JUnitXMLReporter -->
<testsuite ignored="1" hostname="sonali" failures="0" tests="1" name="Test" time="32.221" errors="0" timestamp="2024-01-20T16:14:54 IST">
  <testcase classname="TestNgTestClassPackage.Validate_testcases_CoverFox" name="validateResultNumber" time="13.335"/>
  <testcase classname="TestNgTestClassPackage.Validate_testcases_CoverFox" name="SearchsortPlanText" time="0.0">
    <ignored/>
  </testcase> <!-- SearchsortPlanText -->
</testsuite> <!-- Test -->
